2026-06-29 15:37:23,232 INFO o.a.j.u.JMeterUtils: Setting Locale to en_EN
2026-06-29 15:37:23,306 INFO o.a.j.JMeter: Loading user properties from: C:\Tools\apache-jmeter-5.6.3\apache-jmeter-5.6.3\bin\user.properties
2026-06-29 15:37:23,322 INFO o.a.j.JMeter: Loading system properties from: C:\Tools\apache-jmeter-5.6.3\apache-jmeter-5.6.3\bin\system.properties
2026-06-29 15:37:23,338 INFO o.a.j.JMeter: Copyright (c) 1998-2024 The Apache Software Foundation
2026-06-29 15:37:23,338 INFO o.a.j.JMeter: Version 5.6.3
2026-06-29 15:37:23,340 INFO o.a.j.JMeter: java.version=17.0.10
2026-06-29 15:37:23,340 INFO o.a.j.JMeter: java.vm.name=Java HotSpot(TM) 64-Bit Server VM
2026-06-29 15:37:23,340 INFO o.a.j.JMeter: os.name=Windows 11
2026-06-29 15:37:23,340 INFO o.a.j.JMeter: os.arch=amd64
2026-06-29 15:37:23,340 INFO o.a.j.JMeter: os.version=10.0
2026-06-29 15:37:23,340 INFO o.a.j.JMeter: file.encoding=Cp1252
2026-06-29 15:37:23,340 INFO o.a.j.JMeter: java.awt.headless=true
2026-06-29 15:37:23,340 INFO o.a.j.JMeter: Max memory     =1073741824
2026-06-29 15:37:23,340 INFO o.a.j.JMeter: Available Processors =16
2026-06-29 15:37:23,355 INFO o.a.j.JMeter: Default Locale=English (EN)
2026-06-29 15:37:23,355 INFO o.a.j.JMeter: JMeter  Locale=English (EN)
2026-06-29 15:37:23,355 INFO o.a.j.JMeter: JMeterHome=C:\Tools\apache-jmeter-5.6.3\apache-jmeter-5.6.3
2026-06-29 15:37:23,355 INFO o.a.j.JMeter: user.dir  =C:\Users\NAGESH RIDER 46\OneDrive\Desktop\rapido-clone-backend
2026-06-29 15:37:23,357 INFO o.a.j.JMeter: PWD       =C:\Users\NAGESH RIDER 46\OneDrive\Desktop\rapido-clone-backend
2026-06-29 15:37:23,357 INFO o.a.j.JMeter: IP: 10.73.244.205 Name: LAPTOP-EI1LOSA9 FullName: LAPTOP-EI1LOSA9
2026-06-29 15:37:23,385 INFO o.a.j.JMeter: Setting property 'jmeter.reportgenerator.outputdir' to:'C:\Users\NAGESH RIDER 46\OneDrive\Desktop\rapido-clone-backend\performance-report'
2026-06-29 15:37:23,385 ERROR o.a.j.JMeter: An error occurred: 
org.apache.jmeter.report.config.ConfigurationException: The file C:\Users\NAGESH RIDER 46\OneDrive\Desktop\rapido-clone-backend\FULL_PATH_TO_YOUR_JMX_FILE doesn't exist or can't be opened
	at org.apache.jmeter.JMeter.runNonGui(JMeter.java:950) ~[ApacheJMeter_core.jar:5.6.3]
	at org.apache.jmeter.JMeter.startNonGui(JMeter.java:940) ~[ApacheJMeter_core.jar:5.6.3]
	at org.apache.jmeter.JMeter.start(JMeter.java:508) [ApacheJMeter_core.jar:5.6.3]
	at java.base/jdk.internal.reflect.NativeMethodAccessorImpl.invoke0(Native Method) ~[?:?]
	at java.base/jdk.internal.reflect.NativeMethodAccessorImpl.invoke(NativeMethodAccessorImpl.java:77) ~[?:?]
	at java.base/jdk.internal.reflect.DelegatingMethodAccessorImpl.invoke(DelegatingMethodAccessorImpl.java:43) ~[?:?]
	at java.base/java.lang.reflect.Method.invoke(Method.java:568) ~[?:?]
	at org.apache.jmeter.NewDriver.main(NewDriver.java:259) [ApacheJMeter.jar:5.6.3]
